# JRE version: Java(TM) SE Runtime Environment (8.0_192-b12) (build 1.8.0_192-b12)
# Java VM: Java HotSpot(TM) 64-Bit Server VM (25.192-b12 mixed mode windows-amd64 compressed oops)
Heap:
 PSYoungGen      total 141824K, used 28204K [0x000000076b380000, 0x0000000774880000, 0x00000007c0000000)
  eden space 131072K, 13% used [0x000000076b380000,0x000000076c48cad8,0x0000000773380000)
  from space 10752K, 99% used [0x0000000773e00000,0x000000077487e810,0x0000000774880000)
  to   space 10752K, 0% used [0x0000000773380000,0x0000000773380000,0x0000000773e00000)
 ParOldGen       total 97792K, used 18966K [0x00000006c1a00000, 0x00000006c7980000, 0x000000076b380000)
  object space 97792K, 19% used [0x00000006c1a00000,0x00000006c2c85a50,0x00000006c7980000)
 Metaspace       used 56572K, capacity 59882K, committed 60080K, reserved 1101824K
  class space    used 7878K, capacity 8425K, committed 8448K, reserved 1048576K
GC Heap History (10 events):
Event: 9.251 GC heap before
{Heap before GC invocations=6 (full 1):
 PSYoungGen      total 141824K, used 131072K [0x000000076b380000, 0x0000000774880000, 0x00000007c0000000)
  eden space 131072K, 100% used [0x000000076b380000,0x0000000773380000,0x0000000773380000)
  from space 10752K, 0% used [0x0000000773e00000,0x0000000773e00000,0x0000000774880000)
  to   space 10752K, 0% used [0x0000000773380000,0x0000000773380000,0x0000000773e00000)
 ParOldGen       total 76800K, used 5640K [0x00000006c1a00000, 0x00000006c6500000, 0x000000076b380000)
  object space 76800K, 7% used [0x00000006c1a00000,0x00000006c1f82270,0x00000006c6500000)
 Metaspace       used 31300K, capacity 33298K, committed 33536K, reserved 1079296K
  class space    used 4175K, capacity 4545K, committed 4608K, reserved 1048576K
Event: 9.265 GC heap after
Heap after GC invocations=6 (full 1):
 PSYoungGen      total 141824K, used 10735K [0x000000076b380000, 0x0000000774880000, 0x00000007c0000000)
  eden space 131072K, 0% used [0x000000076b380000,0x000000076b380000,0x0000000773380000)
  from space 10752K, 99% used [0x0000000773380000,0x0000000773dfbe90,0x0000000773e00000)
  to   space 10752K, 0% used [0x0000000773e00000,0x0000000773e00000,0x0000000774880000)
 ParOldGen       total 76800K, used 11024K [0x00000006c1a00000, 0x00000006c6500000, 0x000000076b380000)
  object space 76800K, 14% used [0x00000006c1a00000,0x00000006c24c4288,0x00000006c6500000)
 Metaspace       used 31300K, capacity 33298K, committed 33536K, reserved 1079296K
  class space    used 4175K, capacity 4545K, committed 4608K, reserved 1048576K
}
Event: 10.224 GC heap before
{Heap before GC invocations=7 (full 1):
 PSYoungGen      total 141824K, used 92852K [0x000000076b380000, 0x0000000774880000, 0x00000007c0000000)
  eden space 131072K, 62% used [0x000000076b380000,0x00000007703b11f0,0x0000000773380000)
  from space 10752K, 99% used [0x0000000773380000,0x0000000773dfbe90,0x0000000773e00000)
  to   space 10752K, 0% used [0x0000000773e00000,0x0000000773e00000,0x0000000774880000)
 ParOldGen       total 76800K, used 11024K [0x00000006c1a00000, 0x00000006c6500000, 0x000000076b380000)
  object space 76800K, 14% used [0x00000006c1a00000,0x00000006c24c4288,0x00000006c6500000)
 Metaspace       used 33810K, capacity 35938K, committed 36048K, reserved 1081344K
  class space    used 4511K, capacity 4909K, committed 4992K, reserved 1048576K
Event: 10.234 GC heap after
Heap after GC invocations=7 (full 1):
 PSYoungGen      total 141824K, used 9022K [0x000000076b380000, 0x0000000774880000, 0x00000007c0000000)
  eden space 131072K, 0% used [0x000000076b380000,0x000000076b380000,0x0000000773380000)
  from space 10752K, 83% used [0x0000000773e00000,0x00000007746cf9d8,0x0000000774880000)
  to   space 10752K, 0% used [0x0000000773380000,0x0000000773380000,0x0000000773e00000)
 ParOldGen       total 76800K, used 11032K [0x00000006c1a00000, 0x00000006c6500000, 0x000000076b380000)
  object space 76800K, 14% used [0x00000006c1a00000,0x00000006c24c6288,0x00000006c6500000)
 Metaspace       used 33810K, capacity 35938K, committed 36048K, reserved 1081344K
  class space    used 4511K, capacity 4909K, committed 4992K, reserved 1048576K
}
Event: 10.234 GC heap before
{Heap before GC invocations=8 (full 2):
 PSYoungGen      total 141824K, used 9022K [0x000000076b380000, 0x0000000774880000, 0x00000007c0000000)
  eden space 131072K, 0% used [0x000000076b380000,0x000000076b380000,0x0000000773380000)
  from space 10752K, 83% used [0x0000000773e00000,0x00000007746cf9d8,0x0000000774880000)
  to   space 10752K, 0% used [0x0000000773380000,0x0000000773380000,0x0000000773e00000)
 ParOldGen       total 76800K, used 11032K [0x00000006c1a00000, 0x00000006c6500000, 0x000000076b380000)
  object space 76800K, 14% used [0x00000006c1a00000,0x00000006c24c6288,0x00000006c6500000)
 Metaspace       used 33810K, capacity 35938K, committed 36048K, reserved 1081344K
  class space    used 4511K, capacity 4909K, committed 4992K, reserved 1048576K
Event: 10.290 GC heap after
Heap after GC invocations=8 (full 2):
 PSYoungGen      total 141824K, used 0K [0x000000076b380000, 0x0000000774880000, 0x00000007c0000000)
  eden space 131072K, 0% used [0x000000076b380000,0x000000076b380000,0x0000000773380000)
  from space 10752K, 0% used [0x0000000773e00000,0x0000000773e00000,0x0000000774880000)
  to   space 10752K, 0% used [0x0000000773380000,0x0000000773380000,0x0000000773e00000)
 ParOldGen       total 97792K, used 13833K [0x00000006c1a00000, 0x00000006c7980000, 0x000000076b380000)
  object space 97792K, 14% used [0x00000006c1a00000,0x00000006c27827a8,0x00000006c7980000)
 Metaspace       used 33810K, capacity 35938K, committed 36048K, reserved 1081344K
  class space    used 4511K, capacity 4909K, committed 4992K, reserved 1048576K
}
Event: 12.244 GC heap before
{Heap before GC invocations=9 (full 2):
 PSYoungGen      total 141824K, used 131072K [0x000000076b380000, 0x0000000774880000, 0x00000007c0000000)
  eden space 131072K, 100% used [0x000000076b380000,0x0000000773380000,0x0000000773380000)
  from space 10752K, 0% used [0x0000000773e00000,0x0000000773e00000,0x0000000774880000)
  to   space 10752K, 0% used [0x0000000773380000,0x0000000773380000,0x0000000773e00000)
 ParOldGen       total 97792K, used 13833K [0x00000006c1a00000, 0x00000006c7980000, 0x000000076b380000)
  object space 97792K, 14% used [0x00000006c1a00000,0x00000006c27827a8,0x00000006c7980000)
 Metaspace       used 45277K, capacity 47566K, committed 47872K, reserved 1091584K
  class space    used 6181K, capacity 6583K, committed 6656K, reserved 1048576K
Event: 12.251 GC heap after
Heap after GC invocations=9 (full 2):
 PSYoungGen      total 141824K, used 10736K [0x000000076b380000, 0x0000000774880000, 0x00000007c0000000)
  eden space 131072K, 0% used [0x000000076b380000,0x000000076b380000,0x0000000773380000)
  from space 10752K, 99% used [0x0000000773380000,0x0000000773dfc350,0x0000000773e00000)
  to   space 10752K, 0% used [0x0000000773e00000,0x0000000773e00000,0x0000000774880000)
 ParOldGen       total 97792K, used 14861K [0x00000006c1a00000, 0x00000006c7980000, 0x000000076b380000)
  object space 97792K, 15% used [0x00000006c1a00000,0x00000006c2883410,0x00000006c7980000)
 Metaspace       used 45277K, capacity 47566K, committed 47872K, reserved 1091584K
  class space    used 6181K, capacity 6583K, committed 6656K, reserved 1048576K
}
Event: 14.543 GC heap before
{Heap before GC invocations=10 (full 2):
 PSYoungGen      total 141824K, used 141808K [0x000000076b380000, 0x0000000774880000, 0x00000007c0000000)
  eden space 131072K, 100% used [0x000000076b380000,0x0000000773380000,0x0000000773380000)
  from space 10752K, 99% used [0x0000000773380000,0x0000000773dfc350,0x0000000773e00000)
  to   space 10752K, 0% used [0x0000000773e00000,0x0000000773e00000,0x0000000774880000)
 ParOldGen       total 97792K, used 14861K [0x00000006c1a00000, 0x00000006c7980000, 0x000000076b380000)
  object space 97792K, 15% used [0x00000006c1a00000,0x00000006c2883410,0x00000006c7980000)
 Metaspace       used 55410K, capacity 58512K, committed 58752K, reserved 1099776K
  class space    used 7715K, capacity 8232K, committed 8320K, reserved 1048576K
Event: 14.563 GC heap after
Heap after GC invocations=10 (full 2):
 PSYoungGen      total 141824K, used 10746K [0x000000076b380000, 0x0000000774880000, 0x00000007c0000000)
  eden space 131072K, 0% used [0x000000076b380000,0x000000076b380000,0x0000000773380000)
  from space 10752K, 99% used [0x0000000773e00000,0x000000077487e810,0x0000000774880000)
  to   space 10752K, 0% used [0x0000000773380000,0x0000000773380000,0x0000000773e00000)
 ParOldGen       total 97792K, used 18966K [0x00000006c1a00000, 0x00000006c7980000, 0x000000076b380000)
  object space 97792K, 19% used [0x00000006c1a00000,0x00000006c2c85a50,0x00000006c7980000)
 Metaspace       used 55410K, capacity 58512K, committed 58752K, reserved 1099776K
  class space    used 7715K, capacity 8232K, committed 8320K, reserved 1048576K
}

