# JRE version: Java(TM) SE Runtime Environment (8.0_192-b12) (build 1.8.0_192-b12)
# Java VM: Java HotSpot(TM) 64-Bit Server VM (25.192-b12 mixed mode windows-amd64 compressed oops)
Heap:
 PSYoungGen      total 305152K, used 117498K [0x000000076b380000, 0x0000000783380000, 0x00000007c0000000)
  eden space 284672K, 41% used [0x000000076b380000,0x000000077263eb68,0x000000077c980000)
  from space 20480K, 0% used [0x000000077c980000,0x000000077c980000,0x000000077dd80000)
  to   space 20480K, 0% used [0x0000000781f80000,0x0000000781f80000,0x0000000783380000)
 ParOldGen       total 199680K, used 24424K [0x00000006c1a00000, 0x00000006cdd00000, 0x000000076b380000)
  object space 199680K, 12% used [0x00000006c1a00000,0x00000006c31da168,0x00000006cdd00000)
 Metaspace       used 64503K, capacity 67822K, committed 68096K, reserved 1107968K
  class space    used 8852K, capacity 9439K, committed 9472K, reserved 1048576K
GC Heap History (10 events):
Event: 15.455 GC heap before
{Heap before GC invocations=8 (full 1):
 PSYoungGen      total 189440K, used 68798K [0x000000076b380000, 0x0000000779500000, 0x00000007c0000000)
  eden space 176128K, 31% used [0x000000076b380000,0x000000076e9b5530,0x0000000775f80000)
  from space 13312K, 99% used [0x0000000777000000,0x0000000777cfa3e0,0x0000000777d00000)
  to   space 16896K, 0% used [0x0000000775f80000,0x0000000775f80000,0x0000000777000000)
 ParOldGen       total 93696K, used 8348K [0x00000006c1a00000, 0x00000006c7580000, 0x000000076b380000)
  object space 93696K, 8% used [0x00000006c1a00000,0x00000006c2227080,0x00000006c7580000)
 Metaspace       used 33348K, capacity 35328K, committed 35416K, reserved 1079296K
  class space    used 4404K, capacity 4778K, committed 4864K, reserved 1048576K
Event: 15.470 GC heap after
Heap after GC invocations=8 (full 1):
 PSYoungGen      total 193024K, used 9317K [0x000000076b380000, 0x000000077f180000, 0x00000007c0000000)
  eden space 176128K, 0% used [0x000000076b380000,0x000000076b380000,0x0000000775f80000)
  from space 16896K, 55% used [0x0000000775f80000,0x0000000776899470,0x0000000777000000)
  to   space 16384K, 0% used [0x000000077e180000,0x000000077e180000,0x000000077f180000)
 ParOldGen       total 93696K, used 8356K [0x00000006c1a00000, 0x00000006c7580000, 0x000000076b380000)
  object space 93696K, 8% used [0x00000006c1a00000,0x00000006c2229080,0x00000006c7580000)
 Metaspace       used 33348K, capacity 35328K, committed 35416K, reserved 1079296K
  class space    used 4404K, capacity 4778K, committed 4864K, reserved 1048576K
}
Event: 15.470 GC heap before
{Heap before GC invocations=9 (full 2):
 PSYoungGen      total 193024K, used 9317K [0x000000076b380000, 0x000000077f180000, 0x00000007c0000000)
  eden space 176128K, 0% used [0x000000076b380000,0x000000076b380000,0x0000000775f80000)
  from space 16896K, 55% used [0x0000000775f80000,0x0000000776899470,0x0000000777000000)
  to   space 16384K, 0% used [0x000000077e180000,0x000000077e180000,0x000000077f180000)
 ParOldGen       total 93696K, used 8356K [0x00000006c1a00000, 0x00000006c7580000, 0x000000076b380000)
  object space 93696K, 8% used [0x00000006c1a00000,0x00000006c2229080,0x00000006c7580000)
 Metaspace       used 33348K, capacity 35328K, committed 35416K, reserved 1079296K
  class space    used 4404K, capacity 4778K, committed 4864K, reserved 1048576K
Event: 15.549 GC heap after
Heap after GC invocations=9 (full 2):
 PSYoungGen      total 193024K, used 0K [0x000000076b380000, 0x000000077f180000, 0x00000007c0000000)
  eden space 176128K, 0% used [0x000000076b380000,0x000000076b380000,0x0000000775f80000)
  from space 16896K, 0% used [0x0000000775f80000,0x0000000775f80000,0x0000000777000000)
  to   space 16384K, 0% used [0x000000077e180000,0x000000077e180000,0x000000077f180000)
 ParOldGen       total 139776K, used 13243K [0x00000006c1a00000, 0x00000006ca280000, 0x000000076b380000)
  object space 139776K, 9% used [0x00000006c1a00000,0x00000006c26eec50,0x00000006ca280000)
 Metaspace       used 33348K, capacity 35328K, committed 35416K, reserved 1079296K
  class space    used 4404K, capacity 4778K, committed 4864K, reserved 1048576K
}
Event: 22.774 GC heap before
{Heap before GC invocations=10 (full 2):
 PSYoungGen      total 193024K, used 176128K [0x000000076b380000, 0x000000077f180000, 0x00000007c0000000)
  eden space 176128K, 100% used [0x000000076b380000,0x0000000775f80000,0x0000000775f80000)
  from space 16896K, 0% used [0x0000000775f80000,0x0000000775f80000,0x0000000777000000)
  to   space 16384K, 0% used [0x000000077e180000,0x000000077e180000,0x000000077f180000)
 ParOldGen       total 139776K, used 13243K [0x00000006c1a00000, 0x00000006ca280000, 0x000000076b380000)
  object space 139776K, 9% used [0x00000006c1a00000,0x00000006c26eec50,0x00000006ca280000)
 Metaspace       used 51158K, capacity 53818K, committed 54144K, reserved 1095680K
  class space    used 7005K, capacity 7465K, committed 7552K, reserved 1048576K
Event: 22.805 GC heap after
Heap after GC invocations=10 (full 2):
 PSYoungGen      total 286720K, used 16375K [0x000000076b380000, 0x000000077f180000, 0x00000007c0000000)
  eden space 270336K, 0% used [0x000000076b380000,0x000000076b380000,0x000000077bb80000)
  from space 16384K, 99% used [0x000000077e180000,0x000000077f17de10,0x000000077f180000)
  to   space 20480K, 0% used [0x000000077c980000,0x000000077c980000,0x000000077dd80000)
 ParOldGen       total 139776K, used 17091K [0x00000006c1a00000, 0x00000006ca280000, 0x000000076b380000)
  object space 139776K, 12% used [0x00000006c1a00000,0x00000006c2ab0f20,0x00000006ca280000)
 Metaspace       used 51158K, capacity 53818K, committed 54144K, reserved 1095680K
  class space    used 7005K, capacity 7465K, committed 7552K, reserved 1048576K
}
Event: 26.819 GC heap before
{Heap before GC invocations=11 (full 2):
 PSYoungGen      total 286720K, used 96453K [0x000000076b380000, 0x000000077f180000, 0x00000007c0000000)
  eden space 270336K, 29% used [0x000000076b380000,0x00000007701b3670,0x000000077bb80000)
  from space 16384K, 99% used [0x000000077e180000,0x000000077f17de10,0x000000077f180000)
  to   space 20480K, 0% used [0x000000077c980000,0x000000077c980000,0x000000077dd80000)
 ParOldGen       total 139776K, used 17091K [0x00000006c1a00000, 0x00000006ca280000, 0x000000076b380000)
  object space 139776K, 12% used [0x00000006c1a00000,0x00000006c2ab0f20,0x00000006ca280000)
 Metaspace       used 55847K, capacity 58876K, committed 59008K, reserved 1099776K
  class space    used 7657K, capacity 8204K, committed 8320K, reserved 1048576K
Event: 26.841 GC heap after
Heap after GC invocations=11 (full 2):
 PSYoungGen      total 305152K, used 12729K [0x000000076b380000, 0x0000000783380000, 0x00000007c0000000)
  eden space 284672K, 0% used [0x000000076b380000,0x000000076b380000,0x000000077c980000)
  from space 20480K, 62% used [0x000000077c980000,0x000000077d5ee690,0x000000077dd80000)
  to   space 20480K, 0% used [0x0000000781f80000,0x0000000781f80000,0x0000000783380000)
 ParOldGen       total 139776K, used 17107K [0x00000006c1a00000, 0x00000006ca280000, 0x000000076b380000)
  object space 139776K, 12% used [0x00000006c1a00000,0x00000006c2ab4f30,0x00000006ca280000)
 Metaspace       used 55847K, capacity 58876K, committed 59008K, reserved 1099776K
  class space    used 7657K, capacity 8204K, committed 8320K, reserved 1048576K
}
Event: 26.841 GC heap before
{Heap before GC invocations=12 (full 3):
 PSYoungGen      total 305152K, used 12729K [0x000000076b380000, 0x0000000783380000, 0x00000007c0000000)
  eden space 284672K, 0% used [0x000000076b380000,0x000000076b380000,0x000000077c980000)
  from space 20480K, 62% used [0x000000077c980000,0x000000077d5ee690,0x000000077dd80000)
  to   space 20480K, 0% used [0x0000000781f80000,0x0000000781f80000,0x0000000783380000)
 ParOldGen       total 139776K, used 17107K [0x00000006c1a00000, 0x00000006ca280000, 0x000000076b380000)
  object space 139776K, 12% used [0x00000006c1a00000,0x00000006c2ab4f30,0x00000006ca280000)
 Metaspace       used 55847K, capacity 58876K, committed 59008K, reserved 1099776K
  class space    used 7657K, capacity 8204K, committed 8320K, reserved 1048576K
Event: 27.139 GC heap after
Heap after GC invocations=12 (full 3):
 PSYoungGen      total 305152K, used 0K [0x000000076b380000, 0x0000000783380000, 0x00000007c0000000)
  eden space 284672K, 0% used [0x000000076b380000,0x000000076b380000,0x000000077c980000)
  from space 20480K, 0% used [0x000000077c980000,0x000000077c980000,0x000000077dd80000)
  to   space 20480K, 0% used [0x0000000781f80000,0x0000000781f80000,0x0000000783380000)
 ParOldGen       total 199680K, used 24424K [0x00000006c1a00000, 0x00000006cdd00000, 0x000000076b380000)
  object space 199680K, 12% used [0x00000006c1a00000,0x00000006c31da168,0x00000006cdd00000)
 Metaspace       used 55847K, capacity 58876K, committed 59008K, reserved 1099776K
  class space    used 7657K, capacity 8204K, committed 8320K, reserved 1048576K
}

