# JRE version: Java(TM) SE Runtime Environment (8.0_192-b12) (build 1.8.0_192-b12)
# Java VM: Java HotSpot(TM) 64-Bit Server VM (25.192-b12 mixed mode windows-amd64 compressed oops)
Heap:
 PSYoungGen      total 325632K, used 16946K [0x000000076b380000, 0x0000000780d00000, 0x00000007c0000000)
  eden space 311296K, 5% used [0x000000076b380000,0x000000076c40c8c0,0x000000077e380000)
  from space 14336K, 0% used [0x000000077f100000,0x000000077f100000,0x000000077ff00000)
  to   space 11776K, 0% used [0x0000000780180000,0x0000000780180000,0x0000000780d00000)
 ParOldGen       total 153600K, used 24681K [0x00000006c1a00000, 0x00000006cb000000, 0x000000076b380000)
  object space 153600K, 16% used [0x00000006c1a00000,0x00000006c321a7d8,0x00000006cb000000)
 Metaspace       used 57369K, capacity 60547K, committed 60720K, reserved 1101824K
  class space    used 7877K, capacity 8426K, committed 8448K, reserved 1048576K
GC Heap History (10 events):
Event: 12.756 GC heap before
{Heap before GC invocations=10 (full 1):
 PSYoungGen      total 233984K, used 63680K [0x000000076b380000, 0x000000077a580000, 0x00000007c0000000)
  eden space 223232K, 23% used [0x000000076b380000,0x000000076e736bc0,0x0000000778d80000)
  from space 10752K, 99% used [0x0000000779b00000,0x000000077a579550,0x000000077a580000)
  to   space 12288K, 0% used [0x0000000778d80000,0x0000000778d80000,0x0000000779980000)
 ParOldGen       total 78336K, used 5725K [0x00000006c1a00000, 0x00000006c6680000, 0x000000076b380000)
  object space 78336K, 7% used [0x00000006c1a00000,0x00000006c1f97430,0x00000006c6680000)
 Metaspace       used 33860K, capacity 35876K, committed 36048K, reserved 1081344K
  class space    used 4401K, capacity 4758K, committed 4864K, reserved 1048576K
Event: 12.768 GC heap after
Heap after GC invocations=10 (full 1):
 PSYoungGen      total 235520K, used 6975K [0x000000076b380000, 0x0000000780d00000, 0x00000007c0000000)
  eden space 223232K, 0% used [0x000000076b380000,0x000000076b380000,0x0000000778d80000)
  from space 12288K, 56% used [0x0000000778d80000,0x000000077944fd38,0x0000000779980000)
  to   space 11776K, 0% used [0x0000000780180000,0x0000000780180000,0x0000000780d00000)
 ParOldGen       total 78336K, used 6326K [0x00000006c1a00000, 0x00000006c6680000, 0x000000076b380000)
  object space 78336K, 8% used [0x00000006c1a00000,0x00000006c202d860,0x00000006c6680000)
 Metaspace       used 33860K, capacity 35876K, committed 36048K, reserved 1081344K
  class space    used 4401K, capacity 4758K, committed 4864K, reserved 1048576K
}
Event: 12.768 GC heap before
{Heap before GC invocations=11 (full 2):
 PSYoungGen      total 235520K, used 6975K [0x000000076b380000, 0x0000000780d00000, 0x00000007c0000000)
  eden space 223232K, 0% used [0x000000076b380000,0x000000076b380000,0x0000000778d80000)
  from space 12288K, 56% used [0x0000000778d80000,0x000000077944fd38,0x0000000779980000)
  to   space 11776K, 0% used [0x0000000780180000,0x0000000780180000,0x0000000780d00000)
 ParOldGen       total 78336K, used 6326K [0x00000006c1a00000, 0x00000006c6680000, 0x000000076b380000)
  object space 78336K, 8% used [0x00000006c1a00000,0x00000006c202d860,0x00000006c6680000)
 Metaspace       used 33860K, capacity 35876K, committed 36048K, reserved 1081344K
  class space    used 4401K, capacity 4758K, committed 4864K, reserved 1048576K
Event: 12.843 GC heap after
Heap after GC invocations=11 (full 2):
 PSYoungGen      total 235520K, used 0K [0x000000076b380000, 0x0000000780d00000, 0x00000007c0000000)
  eden space 223232K, 0% used [0x000000076b380000,0x000000076b380000,0x0000000778d80000)
  from space 12288K, 0% used [0x0000000778d80000,0x0000000778d80000,0x0000000779980000)
  to   space 11776K, 0% used [0x0000000780180000,0x0000000780180000,0x0000000780d00000)
 ParOldGen       total 107520K, used 12194K [0x00000006c1a00000, 0x00000006c8300000, 0x000000076b380000)
  object space 107520K, 11% used [0x00000006c1a00000,0x00000006c25e8878,0x00000006c8300000)
 Metaspace       used 33860K, capacity 35876K, committed 36048K, reserved 1081344K
  class space    used 4401K, capacity 4758K, committed 4864K, reserved 1048576K
}
Event: 17.024 GC heap before
{Heap before GC invocations=12 (full 2):
 PSYoungGen      total 235520K, used 223232K [0x000000076b380000, 0x0000000780d00000, 0x00000007c0000000)
  eden space 223232K, 100% used [0x000000076b380000,0x0000000778d80000,0x0000000778d80000)
  from space 12288K, 0% used [0x0000000778d80000,0x0000000778d80000,0x0000000779980000)
  to   space 11776K, 0% used [0x0000000780180000,0x0000000780180000,0x0000000780d00000)
 ParOldGen       total 107520K, used 12194K [0x00000006c1a00000, 0x00000006c8300000, 0x000000076b380000)
  object space 107520K, 11% used [0x00000006c1a00000,0x00000006c25e8878,0x00000006c8300000)
 Metaspace       used 48504K, capacity 50784K, committed 51152K, reserved 1093632K
  class space    used 6465K, capacity 6874K, committed 6912K, reserved 1048576K
Event: 17.045 GC heap after
Heap after GC invocations=12 (full 2):
 PSYoungGen      total 323072K, used 11745K [0x000000076b380000, 0x0000000780d00000, 0x00000007c0000000)
  eden space 311296K, 0% used [0x000000076b380000,0x000000076b380000,0x000000077e380000)
  from space 11776K, 99% used [0x0000000780180000,0x0000000780cf86b0,0x0000000780d00000)
  to   space 14336K, 0% used [0x000000077f100000,0x000000077f100000,0x000000077ff00000)
 ParOldGen       total 107520K, used 14664K [0x00000006c1a00000, 0x00000006c8300000, 0x000000076b380000)
  object space 107520K, 13% used [0x00000006c1a00000,0x00000006c2852118,0x00000006c8300000)
 Metaspace       used 48504K, capacity 50784K, committed 51152K, reserved 1093632K
  class space    used 6465K, capacity 6874K, committed 6912K, reserved 1048576K
}
Event: 19.771 GC heap before
{Heap before GC invocations=13 (full 2):
 PSYoungGen      total 323072K, used 179627K [0x000000076b380000, 0x0000000780d00000, 0x00000007c0000000)
  eden space 311296K, 53% used [0x000000076b380000,0x0000000775772630,0x000000077e380000)
  from space 11776K, 99% used [0x0000000780180000,0x0000000780cf86b0,0x0000000780d00000)
  to   space 14336K, 0% used [0x000000077f100000,0x000000077f100000,0x000000077ff00000)
 ParOldGen       total 107520K, used 14664K [0x00000006c1a00000, 0x00000006c8300000, 0x000000076b380000)
  object space 107520K, 13% used [0x00000006c1a00000,0x00000006c2852118,0x00000006c8300000)
 Metaspace       used 56950K, capacity 60025K, committed 60080K, reserved 1101824K
  class space    used 7796K, capacity 8320K, committed 8320K, reserved 1048576K
Event: 19.796 GC heap after
Heap after GC invocations=13 (full 2):
 PSYoungGen      total 325632K, used 10817K [0x000000076b380000, 0x0000000780d00000, 0x00000007c0000000)
  eden space 311296K, 0% used [0x000000076b380000,0x000000076b380000,0x000000077e380000)
  from space 14336K, 75% used [0x000000077f100000,0x000000077fb90488,0x000000077ff00000)
  to   space 11776K, 0% used [0x0000000780180000,0x0000000780180000,0x0000000780d00000)
 ParOldGen       total 107520K, used 18037K [0x00000006c1a00000, 0x00000006c8300000, 0x000000076b380000)
  object space 107520K, 16% used [0x00000006c1a00000,0x00000006c2b9d5c0,0x00000006c8300000)
 Metaspace       used 56950K, capacity 60025K, committed 60080K, reserved 1101824K
  class space    used 7796K, capacity 8320K, committed 8320K, reserved 1048576K
}
Event: 19.797 GC heap before
{Heap before GC invocations=14 (full 3):
 PSYoungGen      total 325632K, used 10817K [0x000000076b380000, 0x0000000780d00000, 0x00000007c0000000)
  eden space 311296K, 0% used [0x000000076b380000,0x000000076b380000,0x000000077e380000)
  from space 14336K, 75% used [0x000000077f100000,0x000000077fb90488,0x000000077ff00000)
  to   space 11776K, 0% used [0x0000000780180000,0x0000000780180000,0x0000000780d00000)
 ParOldGen       total 107520K, used 18037K [0x00000006c1a00000, 0x00000006c8300000, 0x000000076b380000)
  object space 107520K, 16% used [0x00000006c1a00000,0x00000006c2b9d5c0,0x00000006c8300000)
 Metaspace       used 56950K, capacity 60025K, committed 60080K, reserved 1101824K
  class space    used 7796K, capacity 8320K, committed 8320K, reserved 1048576K
Event: 20.063 GC heap after
Heap after GC invocations=14 (full 3):
 PSYoungGen      total 325632K, used 0K [0x000000076b380000, 0x0000000780d00000, 0x00000007c0000000)
  eden space 311296K, 0% used [0x000000076b380000,0x000000076b380000,0x000000077e380000)
  from space 14336K, 0% used [0x000000077f100000,0x000000077f100000,0x000000077ff00000)
  to   space 11776K, 0% used [0x0000000780180000,0x0000000780180000,0x0000000780d00000)
 ParOldGen       total 153600K, used 24681K [0x00000006c1a00000, 0x00000006cb000000, 0x000000076b380000)
  object space 153600K, 16% used [0x00000006c1a00000,0x00000006c321a7d8,0x00000006cb000000)
 Metaspace       used 56950K, capacity 60025K, committed 60080K, reserved 1101824K
  class space    used 7796K, capacity 8320K, committed 8320K, reserved 1048576K
}

